<?xml version="1.0" encoding="UTF-8"?>
<!-- Generated by org.testng.reporters.JUnitReportReporter -->
<testsuite skipped="0" hostname="DESKTOP-P700VI7" name="com.qa.wh.test.UserLoginTest" tests="1" failures="0" timestamp="31 Oct 2019 17:10:21 GMT" time="44.743" errors="0">
  <testcase name="loginTest" time="44.743" classname="com.qa.wh.test.UserLoginTest"/>
</testsuite> <!-- com.qa.wh.test.UserLoginTest -->
