<?xml version="1.0" encoding="UTF-8"?>
<!-- Generated by org.testng.reporters.JUnitReportReporter -->
<testsuite skipped="0" hostname="DESKTOP-P700VI7" name="CreateUserTest" tests="1" failures="0" timestamp="26 Sep 2019 16:47:52 GMT" time="35.667" errors="0">
  <testcase name="registrationtest" time="35.667" classname="CreateUserTest"/>
</testsuite> <!-- CreateUserTest -->
