<?xml version="1.0" encoding="UTF-8"?>
<!-- Generated by org.testng.reporters.JUnitReportReporter -->
<testsuite skipped="0" hostname="QA1" name="submitreview" tests="1" failures="0" timestamp="27 Sep 2019 10:01:30 GMT" time="24.177" errors="0">
  <testcase name="VerifySubmitReviewText" time="24.177" classname="submitreview"/>
</testsuite> <!-- submitreview -->
