<?xml version="1.0" encoding="UTF-8"?>
<!-- Generated by org.testng.reporters.JUnitReportReporter -->
<testsuite skipped="0" hostname="QA1" name="walletUserLoginTest" tests="1" failures="0" timestamp="27 Sep 2019 08:49:55 GMT" time="18.407" errors="0">
  <testcase name="loginTest" time="18.407" classname="walletUserLoginTest"/>
</testsuite> <!-- walletUserLoginTest -->
