<?xml version="1.0" encoding="UTF-8"?>
<!-- Generated by org.testng.reporters.JUnitReportReporter -->
<testsuite skipped="0" hostname="DESKTOP-P700VI7" name="com.qa.wh.test.AddproductTest" tests="1" failures="0" timestamp="31 Oct 2019 19:25:42 GMT" time="29.795" errors="0">
  <testcase name="submitreviewtest" time="29.795" classname="com.qa.wh.test.AddproductTest"/>
</testsuite> <!-- com.qa.wh.test.AddproductTest -->
