<?xml version="1.0" encoding="UTF-8"?>
<!-- Generated by org.testng.reporters.JUnitReportReporter -->
<testsuite skipped="0" hostname="DESKTOP-P700VI7" name="FacebookTest" tests="1" failures="0" timestamp="22 Sep 2019 12:02:41 GMT" time="61.624" errors="0">
  <testcase name="loginTest" time="61.624" classname="FacebookTest"/>
</testsuite> <!-- FacebookTest -->
